<?xml version="1.0" encoding="UTF-8"?>
<testsuite xmlns:xsi="http://www.w3.org/2001/XMLSchema-instance" xsi:noNamespaceSchemaLocation="https://maven.apache.org/surefire/maven-surefire-plugin/xsd/surefire-test-report.xsd" name="com.bwie.pojo.AppTest" time="0.15" tests="1" errors="0" skipped="0" failures="0">
  <properties>
    <property name="sun.desktop" value="windows"/>
    <property name="awt.toolkit" value="sun.awt.windows.WToolkit"/>
    <property name="file.encoding.pkg" value="sun.io"/>
    <property name="java.specification.version" value="1.8"/>
    <property name="sun.cpu.isalist" value="amd64"/>
    <property name="sun.jnu.encoding" value="GBK"/>
    <property name="java.class.path" value="E:\p2p\1608v_p2p\1608v_p2p_rbac\target\test-classes;E:\p2p\1608v_p2p\1608v_p2p_rbac\target\classes;F:\repository\junit\junit\4.11\junit-4.11.jar;F:\repository\org\hamcrest\hamcrest-core\1.3\hamcrest-core-1.3.jar;F:\repository\org\apache\httpcomponents\httpclient\4.4\httpclient-4.4.jar;F:\repository\org\apache\httpcomponents\httpcore\4.4\httpcore-4.4.jar;F:\repository\commons-logging\commons-logging\1.2\commons-logging-1.2.jar;F:\repository\commons-codec\commons-codec\1.9\commons-codec-1.9.jar;F:\repository\com\alibaba\fastjson\1.1.37\fastjson-1.1.37.jar;F:\repository\commons-beanutils\commons-beanutils\1.9.1\commons-beanutils-1.9.1.jar;F:\repository\commons-collections\commons-collections\3.2.1\commons-collections-3.2.1.jar;F:\repository\org\quartz-scheduler\quartz\2.2.1\quartz-2.2.1.jar;F:\repository\commons-fileupload\commons-fileupload\1.3.1\commons-fileupload-1.3.1.jar;F:\repository\commons-io\commons-io\2.2\commons-io-2.2.jar;F:\repository\jstl\jstl\1.2\jstl-1.2.jar;F:\repository\org\apache\shiro\shiro-core\1.2.2\shiro-core-1.2.2.jar;F:\repository\org\apache\shiro\shiro-web\1.2.2\shiro-web-1.2.2.jar;F:\repository\org\apache\shiro\shiro-spring\1.2.2\shiro-spring-1.2.2.jar;F:\repository\org\apache\shiro\shiro-aspectj\1.2.2\shiro-aspectj-1.2.2.jar;F:\repository\org\aspectj\aspectjrt\1.6.12\aspectjrt-1.6.12.jar;F:\repository\org\aspectj\aspectjweaver\1.6.12\aspectjweaver-1.6.12.jar;F:\repository\org\springframework\spring-context\4.1.7.RELEASE\spring-context-4.1.7.RELEASE.jar;F:\repository\org\springframework\spring-aop\4.1.7.RELEASE\spring-aop-4.1.7.RELEASE.jar;F:\repository\aopalliance\aopalliance\1.0\aopalliance-1.0.jar;F:\repository\org\springframework\spring-expression\4.1.7.RELEASE\spring-expression-4.1.7.RELEASE.jar;F:\repository\org\springframework\spring-context-support\4.1.7.RELEASE\spring-context-support-4.1.7.RELEASE.jar;F:\repository\org\springframework\spring-web\4.1.7.RELEASE\spring-web-4.1.7.RELEASE.jar;F:\repository\org\springframework\spring-orm\4.1.7.RELEASE\spring-orm-4.1.7.RELEASE.jar;F:\repository\org\springframework\spring-jdbc\4.1.7.RELEASE\spring-jdbc-4.1.7.RELEASE.jar;F:\repository\org\springframework\spring-tx\4.1.7.RELEASE\spring-tx-4.1.7.RELEASE.jar;F:\repository\org\springframework\spring-beans\4.1.7.RELEASE\spring-beans-4.1.7.RELEASE.jar;F:\repository\org\springframework\spring-core\4.1.7.RELEASE\spring-core-4.1.7.RELEASE.jar;F:\repository\org\springframework\spring-jms\4.1.7.RELEASE\spring-jms-4.1.7.RELEASE.jar;F:\repository\org\springframework\spring-messaging\4.1.7.RELEASE\spring-messaging-4.1.7.RELEASE.jar;F:\repository\org\springframework\data\spring-data-jpa\1.9.0.RELEASE\spring-data-jpa-1.9.0.RELEASE.jar;F:\repository\org\springframework\data\spring-data-commons\1.11.0.RELEASE\spring-data-commons-1.11.0.RELEASE.jar;F:\repository\org\slf4j\jcl-over-slf4j\1.7.12\jcl-over-slf4j-1.7.12.jar;F:\repository\org\apache\activemq\activemq-all\5.2.0\activemq-all-5.2.0.jar;F:\repository\org\springframework\spring-webmvc\4.1.7.RELEASE\spring-webmvc-4.1.7.RELEASE.jar;F:\repository\org\hibernate\hibernate-core\5.0.1.Final\hibernate-core-5.0.1.Final.jar;F:\repository\org\jboss\logging\jboss-logging\3.3.0.Final\jboss-logging-3.3.0.Final.jar;F:\repository\org\apache\geronimo\specs\geronimo-jta_1.1_spec\1.1.1\geronimo-jta_1.1_spec-1.1.1.jar;F:\repository\org\hibernate\javax\persistence\hibernate-jpa-2.1-api\1.0.0.Final\hibernate-jpa-2.1-api-1.0.0.Final.jar;F:\repository\org\javassist\javassist\3.18.1-GA\javassist-3.18.1-GA.jar;F:\repository\antlr\antlr\2.7.7\antlr-2.7.7.jar;F:\repository\org\jboss\jandex\1.2.2.Final\jandex-1.2.2.Final.jar;F:\repository\org\hibernate\common\hibernate-commons-annotations\5.0.0.Final\hibernate-commons-annotations-5.0.0.Final.jar;F:\repository\org\hibernate\hibernate-entitymanager\5.0.1.Final\hibernate-entitymanager-5.0.1.Final.jar;F:\repository\org\hibernate\hibernate-validator\5.2.1.Final\hibernate-validator-5.2.1.Final.jar;F:\repository\javax\validation\validation-api\1.1.0.Final\validation-api-1.1.0.Final.jar;F:\repository\com\fasterxml\classmate\1.1.0\classmate-1.1.0.jar;F:\repository\c3p0\c3p0\0.9.1.2\c3p0-0.9.1.2.jar;F:\repository\org\apache\cxf\cxf-rt-frontend-jaxws\3.0.1\cxf-rt-frontend-jaxws-3.0.1.jar;F:\repository\xml-resolver\xml-resolver\1.2\xml-resolver-1.2.jar;F:\repository\asm\asm\3.3.1\asm-3.3.1.jar;F:\repository\org\apache\cxf\cxf-core\3.0.1\cxf-core-3.0.1.jar;F:\repository\org\codehaus\woodstox\woodstox-core-asl\4.4.0\woodstox-core-asl-4.4.0.jar;F:\repository\org\apache\ws\xmlschema\xmlschema-core\2.1.0\xmlschema-core-2.1.0.jar;F:\repository\org\apache\cxf\cxf-rt-bindings-soap\3.0.1\cxf-rt-bindings-soap-3.0.1.jar;F:\repository\org\apache\cxf\cxf-rt-wsdl\3.0.1\cxf-rt-wsdl-3.0.1.jar;F:\repository\org\apache\cxf\cxf-rt-databinding-jaxb\3.0.1\cxf-rt-databinding-jaxb-3.0.1.jar;F:\repository\com\sun\xml\bind\jaxb-impl\2.2.10-b140310.1920\jaxb-impl-2.2.10-b140310.1920.jar;F:\repository\com\sun\xml\bind\jaxb-core\2.2.10-b140310.1920\jaxb-core-2.2.10-b140310.1920.jar;F:\repository\org\apache\cxf\cxf-rt-bindings-xml\3.0.1\cxf-rt-bindings-xml-3.0.1.jar;F:\repository\org\apache\cxf\cxf-rt-frontend-simple\3.0.1\cxf-rt-frontend-simple-3.0.1.jar;F:\repository\org\apache\cxf\cxf-rt-ws-addr\3.0.1\cxf-rt-ws-addr-3.0.1.jar;F:\repository\org\apache\cxf\cxf-rt-ws-policy\3.0.1\cxf-rt-ws-policy-3.0.1.jar;F:\repository\org\apache\neethi\neethi\3.0.3\neethi-3.0.3.jar;F:\repository\org\apache\cxf\cxf-rt-transports-http\3.0.1\cxf-rt-transports-http-3.0.1.jar;F:\repository\log4j\log4j\1.2.12\log4j-1.2.12.jar;F:\repository\org\slf4j\slf4j-api\1.6.6\slf4j-api-1.6.6.jar;F:\repository\org\slf4j\slf4j-log4j12\1.6.6\slf4j-log4j12-1.6.6.jar;F:\repository\javax\mail\mail\1.4.4\mail-1.4.4.jar;F:\repository\javax\activation\activation\1.1\activation-1.1.jar;F:\repository\org\codehaus\jackson\jackson-core-asl\1.9.13\jackson-core-asl-1.9.13.jar;F:\repository\org\codehaus\jackson\jackson-mapper-asl\1.9.13\jackson-mapper-asl-1.9.13.jar;F:\repository\com\fasterxml\jackson\core\jackson-core\2.4.4\jackson-core-2.4.4.jar;F:\repository\com\fasterxml\jackson\dataformat\jackson-dataformat-xml\2.4.4\jackson-dataformat-xml-2.4.4.jar;F:\repository\com\fasterxml\jackson\core\jackson-annotations\2.4.0\jackson-annotations-2.4.0.jar;F:\repository\com\fasterxml\jackson\core\jackson-databind\2.4.4\jackson-databind-2.4.4.jar;F:\repository\com\fasterxml\jackson\module\jackson-module-jaxb-annotations\2.4.4\jackson-module-jaxb-annotations-2.4.4.jar;F:\repository\org\codehaus\woodstox\stax2-api\3.1.4\stax2-api-3.1.4.jar;F:\repository\commons-lang\commons-lang\2.6\commons-lang-2.6.jar;F:\repository\io\jsonwebtoken\jjwt\0.4\jjwt-0.4.jar;F:\repository\redis\clients\jedis\2.6.2\jedis-2.6.2.jar;F:\repository\org\apache\commons\commons-pool2\2.2\commons-pool2-2.2.jar;F:\repository\org\springframework\data\spring-data-redis\1.4.1.RELEASE\spring-data-redis-1.4.1.RELEASE.jar;F:\repository\com\oracle\ojdbc6\11.2.0.1.0\ojdbc6-11.2.0.1.0.jar;F:\repository\net\sf\json-lib\json-lib\2.2.3\json-lib-2.2.3-jdk15.jar;F:\repository\net\sf\ezmorph\ezmorph\1.0.6\ezmorph-1.0.6.jar;F:\repository\org\codehaus\xfire\xfire-core\1.2.6\xfire-core-1.2.6.jar;F:\repository\wsdl4j\wsdl4j\1.6.1\wsdl4j-1.6.1.jar;F:\repository\jaxen\jaxen\1.1-beta-9\jaxen-1.1-beta-9.jar;F:\repository\xerces\xmlParserAPIs\2.6.2\xmlParserAPIs-2.6.2.jar;F:\repository\xerces\xercesImpl\2.6.2\xercesImpl-2.6.2.jar;F:\repository\org\apache\ws\commons\XmlSchema\1.1\XmlSchema-1.1.jar;F:\repository\org\codehaus\woodstox\wstx-asl\3.2.0\wstx-asl-3.2.0.jar;F:\repository\jdom\jdom\1.0\jdom-1.0.jar;F:\repository\commons-httpclient\commons-httpclient\3.0\commons-httpclient-3.0.jar;F:\repository\dom4j\dom4j\1.6\dom4j-1.6.jar;F:\repository\xml-apis\xml-apis\1.0.b2\xml-apis-1.0.b2.jar;F:\repository\javax\xml\jaxrpc-api\1.1\jaxrpc-api-1.1.jar;F:\repository\org\apache\poi\poi\3.11\poi-3.11.jar;F:\repository\org\apache\poi\poi-ooxml\3.11\poi-ooxml-3.11.jar;F:\repository\org\apache\poi\poi-ooxml-schemas\3.11\poi-ooxml-schemas-3.11.jar;F:\repository\stax\stax-api\1.0.1\stax-api-1.0.1.jar;F:\repository\org\apache\xmlbeans\xmlbeans\2.6.0\xmlbeans-2.6.0.jar;F:\repository\javax\servlet\servlet-api\3.0-alpha-1\servlet-api-3.0-alpha-1.jar;"/>
    <property name="java.vm.vendor" value="Oracle Corporation"/>
    <property name="sun.arch.data.model" value="64"/>
    <property name="user.variant" value=""/>
    <property name="java.vendor.url" value="http://java.oracle.com/"/>
    <property name="user.timezone" value="Asia/Shanghai"/>
    <property name="java.vm.specification.version" value="1.8"/>
    <property name="os.name" value="Windows 10"/>
    <property name="user.country" value="CN"/>
    <property name="sun.java.launcher" value="SUN_STANDARD"/>
    <property name="sun.boot.library.path" value="C:\java\JAVA\JDK\jre\bin"/>
    <property name="sun.java.command" value="C:\Users\admin\AppData\Local\Temp\surefire2276049731551517974\surefirebooter5083772286117476836.jar C:\Users\admin\AppData\Local\Temp\surefire2276049731551517974 2019-05-16T00-48-42_250-jvmRun1 surefire4289770809275210562tmp surefire_56960517535879931090tmp"/>
    <property name="surefire.test.class.path" value="E:\p2p\1608v_p2p\1608v_p2p_rbac\target\test-classes;E:\p2p\1608v_p2p\1608v_p2p_rbac\target\classes;F:\repository\junit\junit\4.11\junit-4.11.jar;F:\repository\org\hamcrest\hamcrest-core\1.3\hamcrest-core-1.3.jar;F:\repository\org\apache\httpcomponents\httpclient\4.4\httpclient-4.4.jar;F:\repository\org\apache\httpcomponents\httpcore\4.4\httpcore-4.4.jar;F:\repository\commons-logging\commons-logging\1.2\commons-logging-1.2.jar;F:\repository\commons-codec\commons-codec\1.9\commons-codec-1.9.jar;F:\repository\com\alibaba\fastjson\1.1.37\fastjson-1.1.37.jar;F:\repository\commons-beanutils\commons-beanutils\1.9.1\commons-beanutils-1.9.1.jar;F:\repository\commons-collections\commons-collections\3.2.1\commons-collections-3.2.1.jar;F:\repository\org\quartz-scheduler\quartz\2.2.1\quartz-2.2.1.jar;F:\repository\commons-fileupload\commons-fileupload\1.3.1\commons-fileupload-1.3.1.jar;F:\repository\commons-io\commons-io\2.2\commons-io-2.2.jar;F:\repository\jstl\jstl\1.2\jstl-1.2.jar;F:\repository\org\apache\shiro\shiro-core\1.2.2\shiro-core-1.2.2.jar;F:\repository\org\apache\shiro\shiro-web\1.2.2\shiro-web-1.2.2.jar;F:\repository\org\apache\shiro\shiro-spring\1.2.2\shiro-spring-1.2.2.jar;F:\repository\org\apache\shiro\shiro-aspectj\1.2.2\shiro-aspectj-1.2.2.jar;F:\repository\org\aspectj\aspectjrt\1.6.12\aspectjrt-1.6.12.jar;F:\repository\org\aspectj\aspectjweaver\1.6.12\aspectjweaver-1.6.12.jar;F:\repository\org\springframework\spring-context\4.1.7.RELEASE\spring-context-4.1.7.RELEASE.jar;F:\repository\org\springframework\spring-aop\4.1.7.RELEASE\spring-aop-4.1.7.RELEASE.jar;F:\repository\aopalliance\aopalliance\1.0\aopalliance-1.0.jar;F:\repository\org\springframework\spring-expression\4.1.7.RELEASE\spring-expression-4.1.7.RELEASE.jar;F:\repository\org\springframework\spring-context-support\4.1.7.RELEASE\spring-context-support-4.1.7.RELEASE.jar;F:\repository\org\springframework\spring-web\4.1.7.RELEASE\spring-web-4.1.7.RELEASE.jar;F:\repository\org\springframework\spring-orm\4.1.7.RELEASE\spring-orm-4.1.7.RELEASE.jar;F:\repository\org\springframework\spring-jdbc\4.1.7.RELEASE\spring-jdbc-4.1.7.RELEASE.jar;F:\repository\org\springframework\spring-tx\4.1.7.RELEASE\spring-tx-4.1.7.RELEASE.jar;F:\repository\org\springframework\spring-beans\4.1.7.RELEASE\spring-beans-4.1.7.RELEASE.jar;F:\repository\org\springframework\spring-core\4.1.7.RELEASE\spring-core-4.1.7.RELEASE.jar;F:\repository\org\springframework\spring-jms\4.1.7.RELEASE\spring-jms-4.1.7.RELEASE.jar;F:\repository\org\springframework\spring-messaging\4.1.7.RELEASE\spring-messaging-4.1.7.RELEASE.jar;F:\repository\org\springframework\data\spring-data-jpa\1.9.0.RELEASE\spring-data-jpa-1.9.0.RELEASE.jar;F:\repository\org\springframework\data\spring-data-commons\1.11.0.RELEASE\spring-data-commons-1.11.0.RELEASE.jar;F:\repository\org\slf4j\jcl-over-slf4j\1.7.12\jcl-over-slf4j-1.7.12.jar;F:\repository\org\apache\activemq\activemq-all\5.2.0\activemq-all-5.2.0.jar;F:\repository\org\springframework\spring-webmvc\4.1.7.RELEASE\spring-webmvc-4.1.7.RELEASE.jar;F:\repository\org\hibernate\hibernate-core\5.0.1.Final\hibernate-core-5.0.1.Final.jar;F:\repository\org\jboss\logging\jboss-logging\3.3.0.Final\jboss-logging-3.3.0.Final.jar;F:\repository\org\apache\geronimo\specs\geronimo-jta_1.1_spec\1.1.1\geronimo-jta_1.1_spec-1.1.1.jar;F:\repository\org\hibernate\javax\persistence\hibernate-jpa-2.1-api\1.0.0.Final\hibernate-jpa-2.1-api-1.0.0.Final.jar;F:\repository\org\javassist\javassist\3.18.1-GA\javassist-3.18.1-GA.jar;F:\repository\antlr\antlr\2.7.7\antlr-2.7.7.jar;F:\repository\org\jboss\jandex\1.2.2.Final\jandex-1.2.2.Final.jar;F:\repository\org\hibernate\common\hibernate-commons-annotations\5.0.0.Final\hibernate-commons-annotations-5.0.0.Final.jar;F:\repository\org\hibernate\hibernate-entitymanager\5.0.1.Final\hibernate-entitymanager-5.0.1.Final.jar;F:\repository\org\hibernate\hibernate-validator\5.2.1.Final\hibernate-validator-5.2.1.Final.jar;F:\repository\javax\validation\validation-api\1.1.0.Final\validation-api-1.1.0.Final.jar;F:\repository\com\fasterxml\classmate\1.1.0\classmate-1.1.0.jar;F:\repository\c3p0\c3p0\0.9.1.2\c3p0-0.9.1.2.jar;F:\repository\org\apache\cxf\cxf-rt-frontend-jaxws\3.0.1\cxf-rt-frontend-jaxws-3.0.1.jar;F:\repository\xml-resolver\xml-resolver\1.2\xml-resolver-1.2.jar;F:\repository\asm\asm\3.3.1\asm-3.3.1.jar;F:\repository\org\apache\cxf\cxf-core\3.0.1\cxf-core-3.0.1.jar;F:\repository\org\codehaus\woodstox\woodstox-core-asl\4.4.0\woodstox-core-asl-4.4.0.jar;F:\repository\org\apache\ws\xmlschema\xmlschema-core\2.1.0\xmlschema-core-2.1.0.jar;F:\repository\org\apache\cxf\cxf-rt-bindings-soap\3.0.1\cxf-rt-bindings-soap-3.0.1.jar;F:\repository\org\apache\cxf\cxf-rt-wsdl\3.0.1\cxf-rt-wsdl-3.0.1.jar;F:\repository\org\apache\cxf\cxf-rt-databinding-jaxb\3.0.1\cxf-rt-databinding-jaxb-3.0.1.jar;F:\repository\com\sun\xml\bind\jaxb-impl\2.2.10-b140310.1920\jaxb-impl-2.2.10-b140310.1920.jar;F:\repository\com\sun\xml\bind\jaxb-core\2.2.10-b140310.1920\jaxb-core-2.2.10-b140310.1920.jar;F:\repository\org\apache\cxf\cxf-rt-bindings-xml\3.0.1\cxf-rt-bindings-xml-3.0.1.jar;F:\repository\org\apache\cxf\cxf-rt-frontend-simple\3.0.1\cxf-rt-frontend-simple-3.0.1.jar;F:\repository\org\apache\cxf\cxf-rt-ws-addr\3.0.1\cxf-rt-ws-addr-3.0.1.jar;F:\repository\org\apache\cxf\cxf-rt-ws-policy\3.0.1\cxf-rt-ws-policy-3.0.1.jar;F:\repository\org\apache\neethi\neethi\3.0.3\neethi-3.0.3.jar;F:\repository\org\apache\cxf\cxf-rt-transports-http\3.0.1\cxf-rt-transports-http-3.0.1.jar;F:\repository\log4j\log4j\1.2.12\log4j-1.2.12.jar;F:\repository\org\slf4j\slf4j-api\1.6.6\slf4j-api-1.6.6.jar;F:\repository\org\slf4j\slf4j-log4j12\1.6.6\slf4j-log4j12-1.6.6.jar;F:\repository\javax\mail\mail\1.4.4\mail-1.4.4.jar;F:\repository\javax\activation\activation\1.1\activation-1.1.jar;F:\repository\org\codehaus\jackson\jackson-core-asl\1.9.13\jackson-core-asl-1.9.13.jar;F:\repository\org\codehaus\jackson\jackson-mapper-asl\1.9.13\jackson-mapper-asl-1.9.13.jar;F:\repository\com\fasterxml\jackson\core\jackson-core\2.4.4\jackson-core-2.4.4.jar;F:\repository\com\fasterxml\jackson\dataformat\jackson-dataformat-xml\2.4.4\jackson-dataformat-xml-2.4.4.jar;F:\repository\com\fasterxml\jackson\core\jackson-annotations\2.4.0\jackson-annotations-2.4.0.jar;F:\repository\com\fasterxml\jackson\core\jackson-databind\2.4.4\jackson-databind-2.4.4.jar;F:\repository\com\fasterxml\jackson\module\jackson-module-jaxb-annotations\2.4.4\jackson-module-jaxb-annotations-2.4.4.jar;F:\repository\org\codehaus\woodstox\stax2-api\3.1.4\stax2-api-3.1.4.jar;F:\repository\commons-lang\commons-lang\2.6\commons-lang-2.6.jar;F:\repository\io\jsonwebtoken\jjwt\0.4\jjwt-0.4.jar;F:\repository\redis\clients\jedis\2.6.2\jedis-2.6.2.jar;F:\repository\org\apache\commons\commons-pool2\2.2\commons-pool2-2.2.jar;F:\repository\org\springframework\data\spring-data-redis\1.4.1.RELEASE\spring-data-redis-1.4.1.RELEASE.jar;F:\repository\com\oracle\ojdbc6\11.2.0.1.0\ojdbc6-11.2.0.1.0.jar;F:\repository\net\sf\json-lib\json-lib\2.2.3\json-lib-2.2.3-jdk15.jar;F:\repository\net\sf\ezmorph\ezmorph\1.0.6\ezmorph-1.0.6.jar;F:\repository\org\codehaus\xfire\xfire-core\1.2.6\xfire-core-1.2.6.jar;F:\repository\wsdl4j\wsdl4j\1.6.1\wsdl4j-1.6.1.jar;F:\repository\jaxen\jaxen\1.1-beta-9\jaxen-1.1-beta-9.jar;F:\repository\xerces\xmlParserAPIs\2.6.2\xmlParserAPIs-2.6.2.jar;F:\repository\xerces\xercesImpl\2.6.2\xercesImpl-2.6.2.jar;F:\repository\org\apache\ws\commons\XmlSchema\1.1\XmlSchema-1.1.jar;F:\repository\org\codehaus\woodstox\wstx-asl\3.2.0\wstx-asl-3.2.0.jar;F:\repository\jdom\jdom\1.0\jdom-1.0.jar;F:\repository\commons-httpclient\commons-httpclient\3.0\commons-httpclient-3.0.jar;F:\repository\dom4j\dom4j\1.6\dom4j-1.6.jar;F:\repository\xml-apis\xml-apis\1.0.b2\xml-apis-1.0.b2.jar;F:\repository\javax\xml\jaxrpc-api\1.1\jaxrpc-api-1.1.jar;F:\repository\org\apache\poi\poi\3.11\poi-3.11.jar;F:\repository\org\apache\poi\poi-ooxml\3.11\poi-ooxml-3.11.jar;F:\repository\org\apache\poi\poi-ooxml-schemas\3.11\poi-ooxml-schemas-3.11.jar;F:\repository\stax\stax-api\1.0.1\stax-api-1.0.1.jar;F:\repository\org\apache\xmlbeans\xmlbeans\2.6.0\xmlbeans-2.6.0.jar;F:\repository\javax\servlet\servlet-api\3.0-alpha-1\servlet-api-3.0-alpha-1.jar;"/>
    <property name="sun.cpu.endian" value="little"/>
    <property name="user.home" value="C:\Users\admin"/>
    <property name="user.language" value="zh"/>
    <property name="java.specification.vendor" value="Oracle Corporation"/>
    <property name="java.home" value="C:\java\JAVA\JDK\jre"/>
    <property name="basedir" value="E:\p2p\1608v_p2p\1608v_p2p_rbac"/>
    <property name="file.separator" value="\"/>
    <property name="line.separator" value="&#10;"/>
    <property name="java.vm.specification.vendor" value="Oracle Corporation"/>
    <property name="java.specification.name" value="Java Platform API Specification"/>
    <property name="java.awt.graphicsenv" value="sun.awt.Win32GraphicsEnvironment"/>
    <property name="surefire.real.class.path" value="C:\Users\admin\AppData\Local\Temp\surefire2276049731551517974\surefirebooter5083772286117476836.jar"/>
    <property name="sun.boot.class.path" value="C:\java\JAVA\JDK\jre\lib\resources.jar;C:\java\JAVA\JDK\jre\lib\rt.jar;C:\java\JAVA\JDK\jre\lib\sunrsasign.jar;C:\java\JAVA\JDK\jre\lib\jsse.jar;C:\java\JAVA\JDK\jre\lib\jce.jar;C:\java\JAVA\JDK\jre\lib\charsets.jar;C:\java\JAVA\JDK\jre\lib\jfr.jar;C:\java\JAVA\JDK\jre\classes"/>
    <property name="user.script" value=""/>
    <property name="sun.management.compiler" value="HotSpot 64-Bit Tiered Compilers"/>
    <property name="java.runtime.version" value="1.8.0_121-b13"/>
    <property name="user.name" value="admin"/>
    <property name="path.separator" value=";"/>
    <property name="os.version" value="10.0"/>
    <property name="java.endorsed.dirs" value="C:\java\JAVA\JDK\jre\lib\endorsed"/>
    <property name="java.runtime.name" value="Java(TM) SE Runtime Environment"/>
    <property name="file.encoding" value="GBK"/>
    <property name="java.vm.name" value="Java HotSpot(TM) 64-Bit Server VM"/>
    <property name="localRepository" value="F:\repository"/>
    <property name="java.vendor.url.bug" value="http://bugreport.sun.com/bugreport/"/>
    <property name="java.io.tmpdir" value="C:\Users\admin\AppData\Local\Temp\"/>
    <property name="idea.version" value="2018.1.5"/>
    <property name="java.version" value="1.8.0_121"/>
    <property name="user.dir" value="E:\p2p\1608v_p2p\1608v_p2p_rbac"/>
    <property name="os.arch" value="amd64"/>
    <property name="java.vm.specification.name" value="Java Virtual Machine Specification"/>
    <property name="java.awt.printerjob" value="sun.awt.windows.WPrinterJob"/>
    <property name="sun.os.patch.level" value=""/>
    <property name="java.library.path" value="C:\java\JAVA\JDK\jre\bin;C:\WINDOWS\Sun\Java\bin;C:\WINDOWS\system32;C:\WINDOWS;C:\java\Oracle\product\11.2.0\dbhome_1\bin;C:\ProgramData\Oracle\Java\javapath;C:\Windows\system32;C:\Windows;C:\Windows\System32\Wbem;C:\Windows\System32\WindowsPowerShell\v1.0\;C:\Program Files (x86)\NVIDIA Corporation\PhysX\Common;C:\WINDOWS\system32;C:\WINDOWS;C:\WINDOWS\System32\Wbem;C:\WINDOWS\System32\WindowsPowerShell\v1.0\;C:\WINDOWS\System32\OpenSSH\;C:\java\JAVA\JDK\bin;C:\java\apache-maven-3.5.4\bin;C:\java\MySql\bin;C:\Program Files\Intel\WiFi\bin\;C:\Program Files\Common Files\Intel\WirelessCommon\;C:\java\node.JS\;F:\Git\cmd;F:\gitClient\bin;C:\java\python3.5\Scripts\;C:\java\python3.5\;C:\java\Python\Scripts\;C:\java\Python\;C:\Users\admin\AppData\Local\Microsoft\WindowsApps;E:\各种应用\zip\;C:\Program Files\Intel\WiFi\bin\;C:\Program Files\Common Files\Intel\WirelessCommon\;C:\Users\admin\AppData\Roaming\npm;C:\Users\admin\AppData\Local\BypassRuntm;C:\java\Microsoft VS Code\bin;."/>
    <property name="java.vm.info" value="mixed mode"/>
    <property name="java.vendor" value="Oracle Corporation"/>
    <property name="java.vm.version" value="25.121-b13"/>
    <property name="java.ext.dirs" value="C:\java\JAVA\JDK\jre\lib\ext;C:\WINDOWS\Sun\Java\lib\ext"/>
    <property name="sun.io.unicode.encoding" value="UnicodeLittle"/>
    <property name="java.class.version" value="52.0"/>
  </properties>
  <testcase name="shouldAnswerWithTrue" classname="com.bwie.pojo.AppTest" time="0.003"/>
</testsuite>